<?xml version="1.0" encoding="UTF-8"?>
<!-- Generated by org.testng.reporters.JUnitReportReporter -->
<testsuite skipped="0" hostname="DESKTOP-E4SG70C" name="com.magentoecommerceproject.testCases.VerifyYouCannotAddMoreProductInTheCartThanTheProductAvailableInStore_003" tests="2" failures="0" timestamp="02 Jul 2020 15:57:40 GMT" time="30.136" errors="0">
  <testcase name="verifyingEmptyCartConfirmationMsg" time="3.917" classname="com.magentoecommerceproject.testCases.VerifyYouCannotAddMoreProductInTheCartThanTheProductAvailableInStore_003"/>
  <testcase name="verifyingMoreProductCanNotAddToTheCartThanAvailableInStore" time="26.219" classname="com.magentoecommerceproject.testCases.VerifyYouCannotAddMoreProductInTheCartThanTheProductAvailableInStore_003"/>
</testsuite> <!-- com.magentoecommerceproject.testCases.VerifyYouCannotAddMoreProductInTheCartThanTheProductAvailableInStore_003 -->
