<?xml version="1.0" encoding="UTF-8"?>
<!-- Generated by org.testng.reporters.JUnitReportReporter -->
<testsuite skipped="0" hostname="DESKTOP-E4SG70C" name="com.magentoecommerceproject.testCases.VerifyUserIsAbleToPurchaseProductUsingRegisteredEmailId_006" tests="1" failures="0" timestamp="02 Jul 2020 16:53:04 GMT" time="63.572" errors="0">
  <testcase name="verifyingFlatRateShippingCostIsAdded" time="63.572" classname="com.magentoecommerceproject.testCases.VerifyUserIsAbleToPurchaseProductUsingRegisteredEmailId_006"/>
</testsuite> <!-- com.magentoecommerceproject.testCases.VerifyUserIsAbleToPurchaseProductUsingRegisteredEmailId_006 -->
