<?xml version="1.0" encoding="UTF-8"?>
<!-- Generated by org.testng.reporters.JUnitReportReporter -->
<testsuite skipped="0" hostname="DESKTOP-E4SG70C" name="com.magentoecommerceproject.testCases.VerifyInvoiceCanBePrinted_011" tests="2" failures="0" timestamp="02 Jun 2020 15:14:19 GMT" time="51.292" errors="0">
  <testcase name="verifyingErrorMsg" time="22.118" classname="com.magentoecommerceproject.testCases.VerifyInvoiceCanBePrinted_011"/>
  <testcase name="verifyingInvoiceIsDownloaded" time="29.174" classname="com.magentoecommerceproject.testCases.VerifyInvoiceCanBePrinted_011"/>
</testsuite> <!-- com.magentoecommerceproject.testCases.VerifyInvoiceCanBePrinted_011 -->
