<?xml version="1.0" encoding="UTF-8"?>
<!-- Generated by org.testng.reporters.JUnitReportReporter -->
<testsuite skipped="0" hostname="DESKTOP-E4SG70C" name="com.magentoecommerceproject.testCases.VerifyingSortIsWorkingCorrectly_013" tests="2" failures="0" timestamp="25 Jun 2020 21:10:16 GMT" time="34.751" errors="0">
  <testcase name="verifyingSortFunctionalityInAssendingOrder" time="13.223" classname="com.magentoecommerceproject.testCases.VerifyingSortIsWorkingCorrectly_013"/>
  <testcase name="verifyingSortFunctionalityInDecendingOrder" time="21.528" classname="com.magentoecommerceproject.testCases.VerifyingSortIsWorkingCorrectly_013"/>
</testsuite> <!-- com.magentoecommerceproject.testCases.VerifyingSortIsWorkingCorrectly_013 -->
