<?xml version="1.0" encoding="UTF-8"?>
<!-- Generated by org.testng.reporters.JUnitReportReporter -->
<testsuite skipped="0" hostname="DESKTOP-E4SG70C" name="com.magentoecommerceproject.testCases.VerifyTheProductReviewMechanism_012" tests="1" failures="0" timestamp="02 Jun 2020 15:05:49 GMT" time="76.225" errors="0">
  <testcase name="verifyingReviewIsApproved" time="76.225" classname="com.magentoecommerceproject.testCases.VerifyTheProductReviewMechanism_012"/>
</testsuite> <!-- com.magentoecommerceproject.testCases.VerifyTheProductReviewMechanism_012 -->
