<?xml version="1.0" encoding="UTF-8"?>
<!-- Generated by org.testng.reporters.JUnitReportReporter -->
<testsuite skipped="0" hostname="DESKTOP-E4SG70C" name="com.magentoecommerceproject.testCases.VerifyingSortIsWorkingCorrectly_013" tests="2" failures="0" timestamp="02 Jun 2020 15:05:49 GMT" time="34.684" errors="0">
  <testcase name="verifyingSortFunctionalityInDecendingOrder" time="21.812" classname="com.magentoecommerceproject.testCases.VerifyingSortIsWorkingCorrectly_013"/>
  <testcase name="verifyingSortFunctionalityInAssendingOrder" time="12.872" classname="com.magentoecommerceproject.testCases.VerifyingSortIsWorkingCorrectly_013"/>
</testsuite> <!-- com.magentoecommerceproject.testCases.VerifyingSortIsWorkingCorrectly_013 -->
