<?xml version="1.0" encoding="UTF-8"?>
<!-- Generated by org.testng.reporters.JUnitReportReporter -->
<testsuite skipped="0" hostname="DESKTOP-E4SG70C" name="com.magentoecommerceproject.testCases.ExportAllOrdersInCSVFilesAndSendTheseFilesToAnotherEmailIdAsAttachment_010" tests="1" failures="0" timestamp="25 Jun 2020 21:10:16 GMT" time="52.561" errors="0">
  <testcase name="verifyingConsoleDisplaysAllOrderInformation" time="52.561" classname="com.magentoecommerceproject.testCases.ExportAllOrdersInCSVFilesAndSendTheseFilesToAnotherEmailIdAsAttachment_010"/>
</testsuite> <!-- com.magentoecommerceproject.testCases.ExportAllOrdersInCSVFilesAndSendTheseFilesToAnotherEmailIdAsAttachment_010 -->
