<?xml version="1.0" encoding="UTF-8"?>
<!-- Generated by org.testng.reporters.JUnitReportReporter -->
<testsuite skipped="0" hostname="DESKTOP-E4SG70C" name="com.magentoecommerceproject.testCases.VerifyUserIsAbleToPurchaseProductUsingRegisteredEmailId_006" tests="1" failures="0" timestamp="25 May 2020 21:17:01 GMT" time="65.216" errors="0">
  <testcase name="verifyingFlatRateShippingCostIsAdded" time="65.216" classname="com.magentoecommerceproject.testCases.VerifyUserIsAbleToPurchaseProductUsingRegisteredEmailId_006"/>
</testsuite> <!-- com.magentoecommerceproject.testCases.VerifyUserIsAbleToPurchaseProductUsingRegisteredEmailId_006 -->
