<?xml version="1.0" encoding="UTF-8"?>
<!-- Generated by org.testng.reporters.JUnitReportReporter -->
<testsuite skipped="0" hostname="DESKTOP-E4SG70C" name="com.magentoecommerceproject.testCases.VerifyDiscountCouponWorksCorrectly_009" tests="2" failures="0" timestamp="27 May 2020 14:38:06 GMT" time="28.049" errors="1">
  <testcase name="verifyingAppliedCouponConfirmationMsg" time="27.790" classname="com.magentoecommerceproject.testCases.VerifyDiscountCouponWorksCorrectly_009"/>
  <testcase name="verifyingTheGrandTotalAfterApplyingCoupon" time="0.259" classname="com.magentoecommerceproject.testCases.VerifyDiscountCouponWorksCorrectly_009">
    <error type="java.lang.NumberFormatException" message="For input string: &quot;String changed into double:500.00&quot;">
      <![CDATA[java.lang.NumberFormatException: For input string: "String changed into double:500.00"
at sun.misc.FloatingDecimal.readJavaFormatString(FloatingDecimal.java:2043)
at sun.misc.FloatingDecimal.parseDouble(FloatingDecimal.java:110)
at java.lang.Double.parseDouble(Double.java:538)
at com.magentoecommerceproject.pageObjects.HomePage.verifyingDiscountedPrice(HomePage.java:543)
at com.magentoecommerceproject.testCases.VerifyDiscountCouponWorksCorrectly_009.verifyingTheGrandTotalAfterApplyingCoupon(VerifyDiscountCouponWorksCorrectly_009.java:33)
at sun.reflect.NativeMethodAccessorImpl.invoke0(Native Method)
at sun.reflect.NativeMethodAccessorImpl.invoke(NativeMethodAccessorImpl.java:62)
at sun.reflect.DelegatingMethodAccessorImpl.invoke(DelegatingMethodAccessorImpl.java:43)
at java.lang.reflect.Method.invoke(Method.java:498)
at org.testng.internal.MethodInvocationHelper.invokeMethod(MethodInvocationHelper.java:124)
at org.testng.internal.Invoker.invokeMethod(Invoker.java:583)
at org.testng.internal.Invoker.invokeTestMethod(Invoker.java:719)
at org.testng.internal.Invoker.invokeTestMethods(Invoker.java:989)
at org.testng.internal.TestMethodWorker.invokeTestMethods(TestMethodWorker.java:125)
at org.testng.internal.TestMethodWorker.run(TestMethodWorker.java:109)
at org.testng.TestRunner.privateRun(TestRunner.java:648)
at org.testng.TestRunner.run(TestRunner.java:505)
at org.testng.SuiteRunner.runTest(SuiteRunner.java:455)
at org.testng.SuiteRunner.runSequentially(SuiteRunner.java:450)
at org.testng.SuiteRunner.privateRun(SuiteRunner.java:415)
at org.testng.SuiteRunner.run(SuiteRunner.java:364)
at org.testng.SuiteRunnerWorker.runSuite(SuiteRunnerWorker.java:52)
at org.testng.SuiteRunnerWorker.run(SuiteRunnerWorker.java:84)
at org.testng.TestNG.runSuitesSequentially(TestNG.java:1208)
at org.testng.TestNG.runSuitesLocally(TestNG.java:1137)
at org.testng.TestNG.runSuites(TestNG.java:1049)
at org.testng.TestNG.run(TestNG.java:1017)
at org.testng.remote.AbstractRemoteTestNG.run(AbstractRemoteTestNG.java:114)
at org.testng.remote.RemoteTestNG.initAndRun(RemoteTestNG.java:251)
at org.testng.remote.RemoteTestNG.main(RemoteTestNG.java:77)
]]>
    </error>
  </testcase> <!-- verifyingTheGrandTotalAfterApplyingCoupon -->
</testsuite> <!-- com.magentoecommerceproject.testCases.VerifyDiscountCouponWorksCorrectly_009 -->
