<?xml version="1.0" encoding="UTF-8"?>
<!-- Generated by org.testng.reporters.JUnitReportReporter -->
<testsuite skipped="0" hostname="DESKTOP-E4SG70C" name="com.magentoecommerceproject.testCases.VerifyInvoiceCanBePrinted_011" tests="2" failures="0" timestamp="25 Jun 2020 21:10:16 GMT" time="58.459" errors="0">
  <testcase name="verifyingInvoiceIsDownloaded" time="31.723" classname="com.magentoecommerceproject.testCases.VerifyInvoiceCanBePrinted_011"/>
  <testcase name="verifyingErrorMsg" time="26.736" classname="com.magentoecommerceproject.testCases.VerifyInvoiceCanBePrinted_011"/>
</testsuite> <!-- com.magentoecommerceproject.testCases.VerifyInvoiceCanBePrinted_011 -->
