<?xml version="1.0" encoding="UTF-8"?>
<!-- Generated by org.testng.reporters.JUnitReportReporter -->
<testsuite skipped="0" hostname="DESKTOP-E4SG70C" name="com.magentoecommerceproject.testCases.VerifyingSortIsWorkingCoreectly_013" tests="2" failures="0" timestamp="01 Jun 2020 15:59:25 GMT" time="32.581" errors="0">
  <testcase name="verifyingSortFunctionalityInDecendingOrder" time="19.990" classname="com.magentoecommerceproject.testCases.VerifyingSortIsWorkingCoreectly_013"/>
  <testcase name="verifyingSortFunctionalityInAssendingOrder" time="12.591" classname="com.magentoecommerceproject.testCases.VerifyingSortIsWorkingCoreectly_013"/>
</testsuite> <!-- com.magentoecommerceproject.testCases.VerifyingSortIsWorkingCoreectly_013 -->
