<?xml version="1.0" encoding="UTF-8"?>
<!-- Generated by org.testng.reporters.JUnitReportReporter -->
<testsuite skipped="0" hostname="DESKTOP-E4SG70C" name="com.magentoecommerceproject.testCases.VerifyDisabledAndBlankFields_015" tests="1" failures="0" timestamp="25 Jun 2020 21:10:16 GMT" time="34.580" errors="0">
  <testcase name="verifyingDisabledAndBlankFieldsUnderCustomerInformation" time="34.580" classname="com.magentoecommerceproject.testCases.VerifyDisabledAndBlankFields_015"/>
</testsuite> <!-- com.magentoecommerceproject.testCases.VerifyDisabledAndBlankFields_015 -->
