<?xml version="1.0" encoding="UTF-8"?>
<!-- Generated by org.testng.reporters.JUnitReportReporter -->
<testsuite skipped="0" hostname="DESKTOP-E4SG70C" name="com.magentoecommerceproject.testCases.VerifyYouCanCreateAnAccountInEcommerceSiteAndShareWishList_005" tests="1" failures="0" timestamp="02 Jul 2020 16:49:09 GMT" time="43.867" errors="0">
  <testcase name="verifyingAccountRegistrationDone" time="43.867" classname="com.magentoecommerceproject.testCases.VerifyYouCanCreateAnAccountInEcommerceSiteAndShareWishList_005"/>
</testsuite> <!-- com.magentoecommerceproject.testCases.VerifyYouCanCreateAnAccountInEcommerceSiteAndShareWishList_005 -->
