<?xml version="1.0" encoding="UTF-8"?>
<!-- Generated by org.testng.reporters.JUnitReportReporter -->
<testsuite skipped="0" hostname="DESKTOP-E4SG70C" name="com.magentoecommerceproject.testCases.VerifyYouAreAbleToCompareTwoProducts_004" tests="1" failures="0" timestamp="22 May 2020 04:31:43 GMT" time="37.350" errors="0">
  <testcase name="verifyingCompareProductsInThePopUpWindow" time="37.350" classname="com.magentoecommerceproject.testCases.VerifyYouAreAbleToCompareTwoProducts_004"/>
</testsuite> <!-- com.magentoecommerceproject.testCases.VerifyYouAreAbleToCompareTwoProducts_004 -->
