<?xml version="1.0" encoding="UTF-8"?>
<!-- Generated by org.testng.reporters.JUnitReportReporter -->
<testsuite skipped="0" hostname="DESKTOP-E4SG70C" name="com.magentoecommerceproject.testCases.VerifyItemInMobileListPageCanBeSortedByName_001" tests="4" failures="0" timestamp="19 May 2020 02:02:48 GMT" time="88.527" errors="0">
  <testcase name="verifyingMobilePageTitleTest" time="19.646" classname="com.magentoecommerceproject.testCases.VerifyItemInMobileListPageCanBeSortedByName_001"/>
  <testcase name="verifyingHomePageTitleTest" time="46.181" classname="com.magentoecommerceproject.testCases.VerifyItemInMobileListPageCanBeSortedByName_001"/>
  <testcase name="verifyingAll3ProductsAvailableUnderNameDropDown" time="22.249" classname="com.magentoecommerceproject.testCases.VerifyItemInMobileListPageCanBeSortedByName_001"/>
  <testcase name="verifyingAll3ProductsSortedByNameTest" time="0.451" classname="com.magentoecommerceproject.testCases.VerifyItemInMobileListPageCanBeSortedByName_001"/>
</testsuite> <!-- com.magentoecommerceproject.testCases.VerifyItemInMobileListPageCanBeSortedByName_001 -->
