<?xml version="1.0" encoding="UTF-8"?>
<!-- Generated by org.testng.reporters.JUnitReportReporter -->
<testsuite skipped="0" hostname="DESKTOP-E4SG70C" name="com.magentoecommerceproject.testCases.VerifyCostOfProductInListPageAndDetailPageAreEqual_002" tests="1" failures="0" timestamp="19 May 2020 17:27:38 GMT" time="33.116" errors="0">
  <testcase name="verifyingProductValueInListAndDetaliedPage" time="33.116" classname="com.magentoecommerceproject.testCases.VerifyCostOfProductInListPageAndDetailPageAreEqual_002"/>
</testsuite> <!-- com.magentoecommerceproject.testCases.VerifyCostOfProductInListPageAndDetailPageAreEqual_002 -->
