<?xml version="1.0" encoding="UTF-8"?>
<!-- Generated by org.testng.reporters.JUnitReportReporter -->
<testsuite skipped="0" hostname="DESKTOP-E4SG70C" name="com.magentoecommerceproject.testCases.VerifyTheProductReviewMechanism_012" tests="1" failures="0" timestamp="25 Jun 2020 21:10:16 GMT" time="70.609" errors="0">
  <testcase name="verifyingReviewIsApproved" time="70.609" classname="com.magentoecommerceproject.testCases.VerifyTheProductReviewMechanism_012"/>
</testsuite> <!-- com.magentoecommerceproject.testCases.VerifyTheProductReviewMechanism_012 -->
