<?xml version="1.0" encoding="UTF-8"?>
<!-- Generated by org.testng.reporters.JUnitReportReporter -->
<testsuite skipped="0" hostname="DESKTOP-E4SG70C" name="com.magentoecommerceproject.testCases.VerifyingSortIsWorkingCorrectly_013" tests="2" failures="0" timestamp="26 Jun 2020 19:21:26 GMT" time="32.187" errors="0">
  <testcase name="verifyingSortFunctionalityInDecendingOrder" time="23.176" classname="com.magentoecommerceproject.testCases.VerifyingSortIsWorkingCorrectly_013"/>
  <testcase name="verifyingSortFunctionalityInAssendingOrder" time="9.011" classname="com.magentoecommerceproject.testCases.VerifyingSortIsWorkingCorrectly_013"/>
</testsuite> <!-- com.magentoecommerceproject.testCases.VerifyingSortIsWorkingCorrectly_013 -->
