<?xml version="1.0" encoding="UTF-8"?>
<!-- Generated by org.testng.reporters.JUnitReportReporter -->
<testsuite skipped="0" hostname="DESKTOP-E4SG70C" name="com.magentoecommerceproject.testCases.VerifyYouAreAbleToReorderPreviouslyAddedProduct_008" tests="1" failures="0" timestamp="26 May 2020 19:34:02 GMT" time="50.474" errors="0">
  <testcase name="verifyingGrandTotalIsChangedAfterUpdatingTheProductQuantity" time="50.474" classname="com.magentoecommerceproject.testCases.VerifyYouAreAbleToReorderPreviouslyAddedProduct_008"/>
</testsuite> <!-- com.magentoecommerceproject.testCases.VerifyYouAreAbleToReorderPreviouslyAddedProduct_008 -->
