<?xml version="1.0" encoding="UTF-8"?>
<!-- Generated by org.testng.reporters.JUnitReportReporter -->
<testsuite skipped="0" hostname="DESKTOP-E4SG70C" name="com.magentoecommerceproject.testCases.VerifyItemInMobileListPageCanBeSortedByName_001" tests="4" failures="0" timestamp="02 Jul 2020 16:42:41 GMT" time="34.887" errors="0">
  <testcase name="verifyingAll3ProductsSortedByNameTest" time="3.156" classname="com.magentoecommerceproject.testCases.VerifyItemInMobileListPageCanBeSortedByName_001"/>
  <testcase name="verifyingHomePageTitleTest" time="8.031" classname="com.magentoecommerceproject.testCases.VerifyItemInMobileListPageCanBeSortedByName_001"/>
  <testcase name="verifyingMobilePageTitleTest" time="11.192" classname="com.magentoecommerceproject.testCases.VerifyItemInMobileListPageCanBeSortedByName_001"/>
  <testcase name="verifyingAll3ProductsAvailableUnderNameDropDown" time="12.508" classname="com.magentoecommerceproject.testCases.VerifyItemInMobileListPageCanBeSortedByName_001"/>
</testsuite> <!-- com.magentoecommerceproject.testCases.VerifyItemInMobileListPageCanBeSortedByName_001 -->
