<?xml version="1.0" encoding="UTF-8"?>
<!-- Generated by org.testng.reporters.JUnitReportReporter -->
<testsuite hostname="DESKTOP-4LJEO71" failures="0" tests="4" name="com.magentoecommerceproject.testCases.VerifyItemInMobileListPageCanBeSortedByName_001" time="28.344" errors="0" timestamp="2020-11-11T15:58:03 PST" skipped="0">
  <testcase classname="com.magentoecommerceproject.testCases.VerifyItemInMobileListPageCanBeSortedByName_001" name="verifyingAll3ProductsAvailableUnderNameDropDown" time="11.617"/>
  <system-out/>
  <testcase classname="com.magentoecommerceproject.testCases.VerifyItemInMobileListPageCanBeSortedByName_001" name="verifyingAll3ProductsSortedByNameTest" time="3.050"/>
  <system-out/>
  <testcase classname="com.magentoecommerceproject.testCases.VerifyItemInMobileListPageCanBeSortedByName_001" name="verifyingHomePageTitleTest" time="7.178"/>
  <system-out/>
  <testcase classname="com.magentoecommerceproject.testCases.VerifyItemInMobileListPageCanBeSortedByName_001" name="verifyingMobilePageTitleTest" time="6.499"/>
  <system-out/>
</testsuite> <!-- com.magentoecommerceproject.testCases.VerifyItemInMobileListPageCanBeSortedByName_001 -->
