<?xml version="1.0" encoding="UTF-8"?>
<!-- Generated by org.testng.reporters.JUnitReportReporter -->
<testsuite skipped="0" hostname="DESKTOP-E4SG70C" name="com.magentoecommerceproject.testCases.VerifySearchFunctionality_014" tests="1" failures="0" timestamp="02 Jun 2020 15:05:49 GMT" time="44.559" errors="0">
  <testcase name="productNameAndPriceBetween0_150AreDisplayedInTheConsole" time="44.559" classname="com.magentoecommerceproject.testCases.VerifySearchFunctionality_014"/>
</testsuite> <!-- com.magentoecommerceproject.testCases.VerifySearchFunctionality_014 -->
