<?xml version="1.0" encoding="UTF-8"?>
<!-- Generated by org.testng.reporters.JUnitReportReporter -->
<testsuite skipped="0" hostname="DESKTOP-E4SG70C" name="com.magentoecommerceproject.testCases.VerifyDisabledAndBlankFields_015" tests="1" failures="0" timestamp="02 Jun 2020 15:05:49 GMT" time="30.662" errors="0">
  <testcase name="verifyingDisabledAndBlankFieldsUnderCustomerInformation" time="30.662" classname="com.magentoecommerceproject.testCases.VerifyDisabledAndBlankFields_015"/>
</testsuite> <!-- com.magentoecommerceproject.testCases.VerifyDisabledAndBlankFields_015 -->
