<?xml version="1.0" encoding="UTF-8"?>
<!-- Generated by org.testng.reporters.JUnitReportReporter -->
<testsuite skipped="0" hostname="DESKTOP-E4SG70C" name="com.magentoecommerceproject.testCases.VerifyYouWillBeAbleToSavePrevoisOrderAsAPDFFile_007" tests="1" failures="0" timestamp="26 May 2020 06:00:41 GMT" time="31.731" errors="1">
  <testcase name="verifyingPreviouslyCreatedOrderIsDisplayedInRecentOrder" time="31.731" classname="com.magentoecommerceproject.testCases.VerifyYouWillBeAbleToSavePrevoisOrderAsAPDFFile_007">
    <error type="org.openqa.selenium.InvalidSelectorException" message="invalid selector: Unable to locate an element with the xpath expression //div[@id=&#039;container&#039;]//print-preview-destination-settings[@id=&#039;destinationSettings&#039;]//#shadow-root//print-preview-settings-section//div//print-preview-destination-select[@id=&#039;destinationSelect&#039;]//shadow-root//select[@class=&#039;md-select&#039;] because of the following error:
SyntaxError: Failed to execute &#039;evaluate&#039; on &#039;Document&#039;: The string &#039;//div[@id=&#039;container&#039;]//print-preview-destination-settings[@id=&#039;destinationSettings&#039;]//#shadow-root//print-preview-settings-section//div//print-preview-destination-select[@id=&#039;destinationSelect&#039;]//shadow-root//select[@class=&#039;md-select&#039;]&#039; is not a valid XPath expression.
  (Session info: chrome=83.0.4103.61)
For documentation on this error, please visit: https://selenium.dev/exceptions/#invalid_selector_exception
Build info: version: &#039;4.0.0-alpha-5&#039;, revision: &#039;b3a0d621cc&#039;
System info: host: &#039;DESKTOP-E4SG70C&#039;, ip: &#039;192.168.56.1&#039;, os.name: &#039;Windows 10&#039;, os.arch: &#039;amd64&#039;, os.version: &#039;10.0&#039;, java.version: &#039;1.8.0_161&#039;
Driver info: org.openqa.selenium.chrome.ChromeDriver
Capabilities {acceptInsecureCerts: false, browserName: chrome, browserVersion: 83.0.4103.61, chrome: {chromedriverVersion: 83.0.4103.39 (ccbf011cb2d2b..., userDataDir: C:\Users\moumi\AppData\Loca...}, goog:chromeOptions: {debuggerAddress: localhost:61208}, javascriptEnabled: true, networkConnectionEnabled: false, pageLoadStrategy: normal, platform: WINDOWS, platformName: WINDOWS, proxy: Proxy(), setWindowRect: true, strictFileInteractability: false, timeouts: {implicit: 0, pageLoad: 300000, script: 30000}, unhandledPromptBehavior: dismiss and notify, webauthn:virtualAuthenticators: true}
Session ID: 8cbd2ee841b199d4d951012e2cae95ca
*** Element info: {Using=xpath, value=//div[@id=&#039;container&#039;]//print-preview-destination-settings[@id=&#039;destinationSettings&#039;]//#shadow-root//print-preview-settings-section//div//print-preview-destination-select[@id=&#039;destinationSelect&#039;]//shadow-root//select[@class=&#039;md-select&#039;]}">
      <![CDATA[org.openqa.selenium.InvalidSelectorException: invalid selector: Unable to locate an element with the xpath expression //div[@id='container']//print-preview-destination-settings[@id='destinationSettings']//#shadow-root//print-preview-settings-section//div//print-preview-destination-select[@id='destinationSelect']//shadow-root//select[@class='md-select'] because of the following error:
SyntaxError: Failed to execute 'evaluate' on 'Document': The string '//div[@id='container']//print-preview-destination-settings[@id='destinationSettings']//#shadow-root//print-preview-settings-section//div//print-preview-destination-select[@id='destinationSelect']//shadow-root//select[@class='md-select']' is not a valid XPath expression.
  (Session info: chrome=83.0.4103.61)
For documentation on this error, please visit: https://selenium.dev/exceptions/#invalid_selector_exception
Build info: version: '4.0.0-alpha-5', revision: 'b3a0d621cc'
System info: host: 'DESKTOP-E4SG70C', ip: '192.168.56.1', os.name: 'Windows 10', os.arch: 'amd64', os.version: '10.0', java.version: '1.8.0_161'
Driver info: org.openqa.selenium.chrome.ChromeDriver
Capabilities {acceptInsecureCerts: false, browserName: chrome, browserVersion: 83.0.4103.61, chrome: {chromedriverVersion: 83.0.4103.39 (ccbf011cb2d2b..., userDataDir: C:\Users\moumi\AppData\Loca...}, goog:chromeOptions: {debuggerAddress: localhost:61208}, javascriptEnabled: true, networkConnectionEnabled: false, pageLoadStrategy: normal, platform: WINDOWS, platformName: WINDOWS, proxy: Proxy(), setWindowRect: true, strictFileInteractability: false, timeouts: {implicit: 0, pageLoad: 300000, script: 30000}, unhandledPromptBehavior: dismiss and notify, webauthn:virtualAuthenticators: true}
Session ID: 8cbd2ee841b199d4d951012e2cae95ca
*** Element info: {Using=xpath, value=//div[@id='container']//print-preview-destination-settings[@id='destinationSettings']//#shadow-root//print-preview-settings-section//div//print-preview-destination-select[@id='destinationSelect']//shadow-root//select[@class='md-select']}
at sun.reflect.NativeConstructorAccessorImpl.newInstance0(Native Method)
at sun.reflect.NativeConstructorAccessorImpl.newInstance(NativeConstructorAccessorImpl.java:62)
at sun.reflect.DelegatingConstructorAccessorImpl.newInstance(DelegatingConstructorAccessorImpl.java:45)
at java.lang.reflect.Constructor.newInstance(Constructor.java:423)
at org.openqa.selenium.remote.codec.w3c.W3CHttpResponseCodec.createException(W3CHttpResponseCodec.java:196)
at org.openqa.selenium.remote.codec.w3c.W3CHttpResponseCodec.decode(W3CHttpResponseCodec.java:129)
at org.openqa.selenium.remote.codec.w3c.W3CHttpResponseCodec.decode(W3CHttpResponseCodec.java:53)
at org.openqa.selenium.remote.HttpCommandExecutor.execute(HttpCommandExecutor.java:161)
at org.openqa.selenium.remote.service.DriverCommandExecutor.execute(DriverCommandExecutor.java:83)
at org.openqa.selenium.remote.RemoteWebDriver.execute(RemoteWebDriver.java:582)
at org.openqa.selenium.remote.RemoteWebDriver.findElement(RemoteWebDriver.java:333)
at org.openqa.selenium.remote.RemoteWebDriver.findElementByXPath(RemoteWebDriver.java:451)
at org.openqa.selenium.By$ByXPath.findElement(By.java:394)
at org.openqa.selenium.remote.RemoteWebDriver.findElement(RemoteWebDriver.java:325)
at com.magentoecommerceproject.pageObjects.DashBoardPage.selectPDFOption(DashBoardPage.java:412)
at com.magentoecommerceproject.testCases.VerifyYouWillBeAbleToSavePrevoisOrderAsAPDFFile_007.verifyingPreviouslyCreatedOrderIsDisplayedInRecentOrder(VerifyYouWillBeAbleToSavePrevoisOrderAsAPDFFile_007.java:40)
at sun.reflect.NativeMethodAccessorImpl.invoke0(Native Method)
at sun.reflect.NativeMethodAccessorImpl.invoke(NativeMethodAccessorImpl.java:62)
at sun.reflect.DelegatingMethodAccessorImpl.invoke(DelegatingMethodAccessorImpl.java:43)
at java.lang.reflect.Method.invoke(Method.java:498)
at org.testng.internal.MethodInvocationHelper.invokeMethod(MethodInvocationHelper.java:124)
at org.testng.internal.Invoker.invokeMethod(Invoker.java:583)
at org.testng.internal.Invoker.invokeTestMethod(Invoker.java:719)
at org.testng.internal.Invoker.invokeTestMethods(Invoker.java:989)
at org.testng.internal.TestMethodWorker.invokeTestMethods(TestMethodWorker.java:125)
at org.testng.internal.TestMethodWorker.run(TestMethodWorker.java:109)
at org.testng.TestRunner.privateRun(TestRunner.java:648)
at org.testng.TestRunner.run(TestRunner.java:505)
at org.testng.SuiteRunner.runTest(SuiteRunner.java:455)
at org.testng.SuiteRunner.runSequentially(SuiteRunner.java:450)
at org.testng.SuiteRunner.privateRun(SuiteRunner.java:415)
at org.testng.SuiteRunner.run(SuiteRunner.java:364)
at org.testng.SuiteRunnerWorker.runSuite(SuiteRunnerWorker.java:52)
at org.testng.SuiteRunnerWorker.run(SuiteRunnerWorker.java:84)
at org.testng.TestNG.runSuitesSequentially(TestNG.java:1208)
at org.testng.TestNG.runSuitesLocally(TestNG.java:1137)
at org.testng.TestNG.runSuites(TestNG.java:1049)
at org.testng.TestNG.run(TestNG.java:1017)
at org.testng.remote.AbstractRemoteTestNG.run(AbstractRemoteTestNG.java:114)
at org.testng.remote.RemoteTestNG.initAndRun(RemoteTestNG.java:251)
at org.testng.remote.RemoteTestNG.main(RemoteTestNG.java:77)
]]>
    </error>
  </testcase> <!-- verifyingPreviouslyCreatedOrderIsDisplayedInRecentOrder -->
</testsuite> <!-- com.magentoecommerceproject.testCases.VerifyYouWillBeAbleToSavePrevoisOrderAsAPDFFile_007 -->
