<?xml version="1.0" encoding="UTF-8"?>
<!-- Generated by org.testng.reporters.JUnitReportReporter -->
<testsuite skipped="0" hostname="DESKTOP-E4SG70C" name="com.magentoecommerceproject.testCases.VerifyYouCannotAddMoreProductInTheCartThanTheProductAvailableInStore_003" tests="2" failures="0" timestamp="26 Jun 2020 19:21:26 GMT" time="26.983" errors="0">
  <testcase name="verifyingMoreProductCanNotAddToTheCartThanAvailableInStore" time="23.056" classname="com.magentoecommerceproject.testCases.VerifyYouCannotAddMoreProductInTheCartThanTheProductAvailableInStore_003"/>
  <testcase name="verifyingEmptyCartConfirmationMsg" time="3.927" classname="com.magentoecommerceproject.testCases.VerifyYouCannotAddMoreProductInTheCartThanTheProductAvailableInStore_003"/>
</testsuite> <!-- com.magentoecommerceproject.testCases.VerifyYouCannotAddMoreProductInTheCartThanTheProductAvailableInStore_003 -->
