<?xml version="1.0" encoding="UTF-8"?>
<!-- Generated by org.testng.reporters.JUnitReportReporter -->
<testsuite skipped="0" hostname="DESKTOP-E4SG70C" name="com.magentoecommerceproject.testCases.VerifyYouCannotAddMoreProductInTheCartThanTheProductAvailableInStore_003" tests="2" failures="0" timestamp="20 May 2020 22:21:49 GMT" time="48.584" errors="0">
  <testcase name="verifyingMoreProductCanNotAddToTheCartThanAvailableInStore" time="37.922" classname="com.magentoecommerceproject.testCases.VerifyYouCannotAddMoreProductInTheCartThanTheProductAvailableInStore_003"/>
  <testcase name="verifyingEmptyCartConfirmationMsg" time="10.662" classname="com.magentoecommerceproject.testCases.VerifyYouCannotAddMoreProductInTheCartThanTheProductAvailableInStore_003"/>
</testsuite> <!-- com.magentoecommerceproject.testCases.VerifyYouCannotAddMoreProductInTheCartThanTheProductAvailableInStore_003 -->
