<?xml version="1.0" encoding="UTF-8"?>
<!-- Generated by org.testng.reporters.JUnitReportReporter -->
<testsuite skipped="0" hostname="DESKTOP-E4SG70C" name="com.magentoecommerceproject.testCases.VerifyYouAreAbleToReorderPreviouslyAddedProduct_008" tests="1" failures="0" timestamp="02 Jul 2020 17:26:30 GMT" time="61.059" errors="0">
  <testcase name="verifyingGrandTotalIsChangedAfterUpdatingTheProductQuantity" time="61.059" classname="com.magentoecommerceproject.testCases.VerifyYouAreAbleToReorderPreviouslyAddedProduct_008"/>
</testsuite> <!-- com.magentoecommerceproject.testCases.VerifyYouAreAbleToReorderPreviouslyAddedProduct_008 -->
