<?xml version="1.0" encoding="UTF-8"?>
<!-- Generated by org.testng.reporters.JUnitReportReporter -->
<testsuite skipped="0" hostname="DESKTOP-E4SG70C" name="com.magentoecommerceproject.testCases.VerifyYouCanCreateAnAccountInEcommerceSiteAndShareWishList_005" tests="1" failures="0" timestamp="22 May 2020 19:43:30 GMT" time="50.526" errors="0">
  <testcase name="verifyingAccountRegistrationDone" time="50.526" classname="com.magentoecommerceproject.testCases.VerifyYouCanCreateAnAccountInEcommerceSiteAndShareWishList_005"/>
</testsuite> <!-- com.magentoecommerceproject.testCases.VerifyYouCanCreateAnAccountInEcommerceSiteAndShareWishList_005 -->
