<?xml version="1.0" encoding="UTF-8"?>
<!-- Generated by org.testng.reporters.JUnitReportReporter -->
<testsuite skipped="0" hostname="DESKTOP-E4SG70C" name="com.magentoecommerceproject.testCases.VerifySearchFunctionality_014" tests="1" failures="0" timestamp="25 Jun 2020 21:10:16 GMT" time="102.455" errors="0">
  <testcase name="productNameAndPriceBetween0_150AreDisplayedInTheConsole" time="102.455" classname="com.magentoecommerceproject.testCases.VerifySearchFunctionality_014"/>
</testsuite> <!-- com.magentoecommerceproject.testCases.VerifySearchFunctionality_014 -->
