<?xml version="1.0" encoding="UTF-8"?>
<!-- Generated by org.testng.reporters.JUnitReportReporter -->
<testsuite skipped="0" hostname="DESKTOP-E4SG70C" name="com.magentoecommerceproject.testCases.ExportAllOrdersInCSVFilesAndSendTheseFilesToAnotherEmailIdAsAttachment_010" tests="1" failures="0" timestamp="02 Jun 2020 15:10:45 GMT" time="55.762" errors="0">
  <testcase name="verifyingConsoleDisplaysAllOrderInformation" time="55.762" classname="com.magentoecommerceproject.testCases.ExportAllOrdersInCSVFilesAndSendTheseFilesToAnotherEmailIdAsAttachment_010"/>
</testsuite> <!-- com.magentoecommerceproject.testCases.ExportAllOrdersInCSVFilesAndSendTheseFilesToAnotherEmailIdAsAttachment_010 -->
