<?xml version="1.0" encoding="UTF-8"?>
<!-- Generated by org.testng.reporters.JUnitReportReporter -->
<testsuite skipped="0" hostname="DESKTOP-E4SG70C" name="com.magentoecommerceproject.testCases.VerifyComparingTwoProducts_000" tests="1" failures="0" timestamp="22 May 2020 21:58:53 GMT" time="55.232" errors="0">
  <testcase name="verifyingCompareProductsInThePopUpWindow" time="55.232" classname="com.magentoecommerceproject.testCases.VerifyComparingTwoProducts_000"/>
</testsuite> <!-- com.magentoecommerceproject.testCases.VerifyComparingTwoProducts_000 -->
